\BOOKMARK [0][-]{chapter.1}{\376\377\000I\000n\000t\000r\000o\000d\000u\000c\000t\000i\000o\000n}{}% 1
\BOOKMARK [1][-]{section.1.1}{\376\377\000U\000n\000m\000a\000n\000n\000e\000d\000\040\000A\000e\000r\000i\000a\000l\000\040\000V\000e\000h\000i\000c\000l\000e\000s}{chapter.1}% 2
\BOOKMARK [1][-]{section.1.2}{\376\377\000C\000o\000n\000v\000o\000l\000u\000t\000i\000o\000n\000a\000l\000\040\000n\000e\000u\000r\000a\000l\000\040\000n\000e\000t\000w\000o\000r\000k\000s}{chapter.1}% 3
\BOOKMARK [2][-]{subsection.1.2.1}{\376\377\000S\000e\000g\000m\000e\000n\000t\000a\000t\000i\000o\000n\000\040\000n\000e\000t\000w\000o\000r\000k\000s}{section.1.2}% 4
\BOOKMARK [2][-]{subsection.1.2.2}{\376\377\000R\000e\000c\000u\000r\000r\000e\000n\000t\000\040\000n\000e\000t\000w\000o\000r\000k\000s}{section.1.2}% 5
\BOOKMARK [2][-]{subsection.1.2.3}{\376\377\000G\000e\000n\000e\000r\000a\000t\000i\000v\000e\000\040\000a\000d\000v\000e\000r\000s\000a\000r\000i\000a\000l\000\040\000n\000e\000t\000w\000o\000r\000k\000s}{section.1.2}% 6
\BOOKMARK [2][-]{subsection.1.2.4}{\376\377\000C\000l\000a\000s\000s\000i\000f\000i\000c\000a\000t\000i\000o\000n\000\040\000n\000e\000t\000w\000o\000r\000k\000s}{section.1.2}% 7
\BOOKMARK [1][-]{section.1.3}{\376\377\000T\000r\000a\000i\000l\000\040\000f\000o\000l\000l\000o\000w\000i\000n\000g}{chapter.1}% 8
\BOOKMARK [0][-]{chapter.2}{\376\377\000M\000e\000t\000h\000o\000d\000o\000l\000o\000g\000y}{}% 9
\BOOKMARK [1][-]{section.2.1}{\376\377\000C\000o\000n\000v\000o\000l\000u\000t\000i\000o\000n\000a\000l\000\040\000N\000e\000u\000r\000a\000l\000\040\000N\000e\000t\000w\000o\000r\000k}{chapter.2}% 10
\BOOKMARK [2][-]{subsection.2.1.1}{\376\377\000C\000o\000n\000v\000o\000l\000u\000t\000i\000o\000n\000s}{section.2.1}% 11
\BOOKMARK [2][-]{subsection.2.1.2}{\376\377\000H\000y\000p\000e\000r\000b\000o\000l\000i\000c\000\040\000t\000a\000n\000g\000e\000n\000t}{section.2.1}% 12
\BOOKMARK [2][-]{subsection.2.1.3}{\376\377\000M\000a\000x\000-\000p\000o\000o\000l\000i\000n\000g}{section.2.1}% 13
\BOOKMARK [2][-]{subsection.2.1.4}{\376\377\000S\000o\000f\000t\000m\000a\000x}{section.2.1}% 14
\BOOKMARK [1][-]{section.2.2}{\376\377\000B\000a\000c\000k\000w\000a\000r\000d\000\040\000p\000r\000o\000p\000a\000g\000a\000t\000i\000o\000n\000\040\000o\000f\000\040\000e\000r\000r\000o\000r}{chapter.2}% 15
\BOOKMARK [1][-]{section.2.3}{\376\377\000L\000o\000s\000s\000\040\000f\000u\000n\000c\000t\000i\000o\000n}{chapter.2}% 16
\BOOKMARK [0][-]{chapter.3}{\376\377\000I\000m\000p\000l\000e\000m\000e\000n\000t\000a\000t\000i\000o\000n}{}% 17
\BOOKMARK [1][-]{section.3.1}{\376\377\000S\000y\000s\000t\000e\000m\000\040\000h\000a\000r\000d\000w\000a\000r\000e}{chapter.3}% 18
\BOOKMARK [2][-]{subsection.3.1.1}{\376\377\000P\000i\000x\000h\000a\000w\000k\000\040\000f\000l\000i\000g\000h\000t\000\040\000c\000o\000n\000t\000r\000o\000l\000l\000e\000r}{section.3.1}% 19
\BOOKMARK [2][-]{subsection.3.1.2}{\376\377\000I\000n\000t\000e\000l\000\040\000N\000U\000C\000\040\000c\000o\000m\000p\000a\000n\000i\000o\000n\000\040\000c\000o\000m\000p\000u\000t\000e\000r}{section.3.1}% 20
\BOOKMARK [2][-]{subsection.3.1.3}{\376\377\000I\000n\000t\000e\000l\000\040\000R\000e\000a\000l\000S\000e\000n\000s\000e\000\040\000D\0004\0003\0005\000\040\000c\000a\000m\000e\000r\000a}{section.3.1}% 21
\BOOKMARK [1][-]{section.3.2}{\376\377\000U\000s\000e\000d\000\040\000s\000o\000f\000t\000w\000a\000r\000e\000\040\000t\000o\000o\000l\000s}{chapter.3}% 22
\BOOKMARK [2][-]{subsection.3.2.1}{\376\377\000P\000y\000t\000h\000o\000n}{section.3.2}% 23
\BOOKMARK [2][-]{subsection.3.2.2}{\376\377\000P\000y\000T\000o\000r\000c\000h\000\040\000f\000r\000a\000m\000e\000w\000o\000r\000k}{section.3.2}% 24
\BOOKMARK [1][-]{section.3.3}{\376\377\000D\000a\000t\000a\000s\000e\000t}{chapter.3}% 25
\BOOKMARK [1][-]{section.3.4}{\376\377\000N\000e\000u\000r\000a\000l\000\040\000n\000e\000t\000w\000o\000r\000k\000\040\000c\000o\000d\000e}{chapter.3}% 26
\BOOKMARK [2][-]{subsection.3.4.1}{\376\377\000T\000r\000a\000i\000n\000i\000n\000g\000\040\000a\000l\000g\000o\000r\000i\000t\000h\000m}{section.3.4}% 27
\BOOKMARK [1][-]{section.3.5}{\376\377\000N\000a\000v\000i\000g\000a\000t\000i\000o\000n\000\040\000a\000l\000g\000o\000r\000i\000t\000h\000m}{chapter.3}% 28
\BOOKMARK [2][-]{subsection.3.5.1}{\376\377\000V\000e\000l\000o\000c\000i\000t\000y\000\040\000g\000e\000n\000e\000r\000a\000t\000i\000o\000n}{section.3.5}% 29
\BOOKMARK [2][-]{subsection.3.5.2}{\376\377\000P\000a\000t\000h\000\040\000g\000e\000n\000e\000r\000a\000t\000i\000o\000n}{section.3.5}% 30
\BOOKMARK [2][-]{subsection.3.5.3}{\376\377\000F\000i\000l\000t\000e\000r\000i\000n\000g\000\040\000o\000f\000\040\000t\000h\000e\000\040\000n\000e\000u\000r\000a\000l\000\040\000n\000e\000t\000w\000o\000r\000k\000\040\000o\000u\000t\000p\000u\000t}{section.3.5}% 31
\BOOKMARK [0][-]{chapter.4}{\376\377\000S\000i\000m\000u\000l\000a\000t\000i\000o\000n}{}% 32
\BOOKMARK [1][-]{section.4.1}{\376\377\000S\000o\000f\000t\000w\000a\000r\000e}{chapter.4}% 33
\BOOKMARK [1][-]{section.4.2}{\376\377\000S\000i\000m\000u\000l\000a\000t\000i\000o\000n\000\040\000s\000e\000t\000u\000p}{chapter.4}% 34
\BOOKMARK [1][-]{section.4.3}{\376\377\000S\000i\000m\000u\000l\000a\000t\000i\000o\000n\000\040\000r\000e\000s\000u\000l\000t\000s}{chapter.4}% 35
\BOOKMARK [0][-]{chapter.5}{\376\377\000E\000x\000p\000e\000r\000i\000m\000e\000n\000t}{}% 36
\BOOKMARK [1][-]{section.5.1}{\376\377\000N\000e\000u\000r\000a\000l\000\040\000n\000e\000t\000w\000o\000r\000k\000\040\000p\000e\000r\000f\000o\000r\000m\000a\000n\000c\000e\000\040\000t\000e\000s\000t}{chapter.5}% 37
\BOOKMARK [1][-]{section.5.2}{\376\377\000C\000o\000m\000p\000l\000e\000t\000e\000\040\000t\000e\000s\000t\000s\000\040\000o\000n\000\040\000v\000e\000h\000i\000c\000l\000e}{chapter.5}% 38
\BOOKMARK [0][-]{chapter.6}{\376\377\000C\000o\000n\000c\000l\000u\000s\000i\000o\000n}{}% 39
\BOOKMARK [0][-]{chapter.7}{\376\377\000R\000e\000f\000e\000r\000e\000n\000c\000e\000s}{}% 40
\BOOKMARK [0][-]{appendix.A}{\376\377\000A\000p\000p\000e\000n\000d\000i\000x\000\040\000A}{}% 41
